<?xml version="1.0" encoding="UTF-8"?>
<testsuite name="common" tests="3" failures="3" errors="0" skipped="0" time="35.757" timestamp="2018-11-08T11:19:01">
  <properties></properties>
  <testcase classname="com.example" name="test1" time="11.919">
    <failure></failure>
  </testcase>
  <testcase classname="com.example" name="test2" time="11.919">
    <failure></failure>
  </testcase>
  <testcase classname="com.example" name="test3" time="11.919">
    <failure></failure>
  </testcase>
</testsuite>
