<?xml version="1.0" encoding="UTF-8"?>
<testsuite name="myPool" tests="3" failures="3" errors="0" time="35.757" skipped="0" timestamp="2018-11-08T11:19:01">
  <testcase name="test1" time="11.919" classname="com.example">
    <failure></failure>
  </testcase>
  <testcase classname="com.example" name="test2" time="11.919">
    <failure/>
    <rerunFailure type="rerun exception"/>
  </testcase>
  <testcase name="test3" time="11.919" classname="com.example">
    <failure></failure>
  </testcase>
</testsuite>
