<?xml version="1.0" encoding="UTF-8"?><testsuite xsi:noNamespaceSchemaLocation="https://raw.githubusercontent.com/jenkinsci/xunit-plugin/ae25da5089d4f94ac6c4669bf736e4d416cc4665/src/main/resources/org/jenkinsci/plugins/xunit/types/model/xsd/junit-10.xsd" xmlns:xsi="http://www.w3.org/2001/XMLSchema-instance" name="omni" tests="22" failures="10" errors="0" time="143.351" skipped="0" timestamp="2023-11-15T12:39:47"><testcase name="testPresentModal" time="2.666" classname="sample_appUITests.MoreTests"><flakyFailure type="rerun exception"></flakyFailure></testcase><testcase name="testTextFlaky" time="2.152" classname="sample_appUITests.FlakyTests"></testcase><testcase name="testButton" time="4.799" classname="sample_appUITests.StoryboardTests"><flakyFailure type="rerun exception"></flakyFailure></testcase><testcase name="testDisabledButton" time="2.756" classname="sample_appUITests.StoryboardTests"><flakyFailure type="rerun exception"></flakyFailure></testcase><testcase name="testButton" time="3.778" classname="sample_appUITests.ScreenshotTests"><flakyFailure type="rerun exception"></flakyFailure></testcase><testcase name="testTextFlaky8" time="1.731" classname="sample_appUITests.FlakyTests"></testcase><testcase name="testTextFlaky7" time="1.793" classname="sample_appUITests.FlakyTests"><flakyFailure type="rerun exception"><stackTrace><![CDATA[/Users/malinskiy/Development/marathon/sample/ios-app/sample-appUITests/FlakyTests.swift:68:XCTAssertTrue failed]]></stackTrace></flakyFailure></testcase><testcase name="testTextFlaky6" time="1.783" classname="sample_appUITests.FlakyTests"><flakyFailure type="rerun exception"><stackTrace><![CDATA[/Users/malinskiy/Development/marathon/sample/ios-app/sample-appUITests/FlakyTests.swift:63:XCTAssertTrue failed]]></stackTrace></flakyFailure></testcase><testcase name="testTextFlaky5" time="1.709" classname="sample_appUITests.FlakyTests"><flakyFailure type="rerun exception"><stackTrace><![CDATA[/Users/malinskiy/Development/marathon/sample/ios-app/sample-appUITests/FlakyTests.swift:58:XCTAssertTrue failed]]></stackTrace></flakyFailure></testcase><testcase name="testTextFlaky4" time="1.759" classname="sample_appUITests.FlakyTests"></testcase><testcase name="testTextFlaky2" time="1.79" classname="sample_appUITests.FlakyTests"></testcase><testcase name="testTextFlaky3" time="1.901" classname="sample_appUITests.FlakyTests"><flakyFailure type="rerun exception"><stackTrace><![CDATA[/Users/malinskiy/Development/marathon/sample/ios-app/sample-appUITests/FlakyTests.swift:48:XCTAssertTrue failed]]></stackTrace></flakyFailure></testcase><testcase name="testTextFlaky1" time="1.846" classname="sample_appUITests.FlakyTests"><failure><![CDATA[/Users/malinskiy/Development/marathon/sample/ios-app/sample-appUITests/FlakyTests.swift:38:XCTAssertTrue failed]]></failure><rerunFailure type="rerun exception"><stackTrace><![CDATA[/Users/malinskiy/Development/marathon/sample/ios-app/sample-appUITests/FlakyTests.swift:38:XCTAssertTrue failed]]></stackTrace></rerunFailure><rerunFailure type="rerun exception"><stackTrace><![CDATA[/Users/malinskiy/Development/marathon/sample/ios-app/sample-appUITests/FlakyTests.swift:38:XCTAssertTrue failed]]></stackTrace></rerunFailure></testcase><testcase name="testTextSlow4" time="9.663" classname="sample_appUITests.SlowTests"><failure><![CDATA[/Users/malinskiy/Development/marathon/sample/ios-app/sample-appUITests/SlowTests.swift:91:XCTAssertEqual failed: ("First Button") is not equal to ("Label")]]></failure><rerunFailure type="rerun exception"><stackTrace><![CDATA[/Users/malinskiy/Development/marathon/sample/ios-app/sample-appUITests/SlowTests.swift:91:XCTAssertEqual failed: ("First Button") is not equal to ("Label")]]></stackTrace></rerunFailure><rerunFailure type="rerun exception"><stackTrace><![CDATA[/Users/malinskiy/Development/marathon/sample/ios-app/sample-appUITests/SlowTests.swift:91:XCTAssertEqual failed: ("First Button") is not equal to ("Label")]]></stackTrace></rerunFailure></testcase><testcase name="testTextSlow3" time="9.573" classname="sample_appUITests.SlowTests"><failure><![CDATA[/Users/malinskiy/Development/marathon/sample/ios-app/sample-appUITests/SlowTests.swift:80:XCTAssertEqual failed: ("First Button") is not equal to ("Label")]]></failure><rerunFailure type="rerun exception"><stackTrace><![CDATA[/Users/malinskiy/Development/marathon/sample/ios-app/sample-appUITests/SlowTests.swift:80:XCTAssertEqual failed: ("First Button") is not equal to ("Label")]]></stackTrace></rerunFailure><rerunFailure type="rerun exception"><stackTrace><![CDATA[/Users/malinskiy/Development/marathon/sample/ios-app/sample-appUITests/SlowTests.swift:80:XCTAssertEqual failed: ("First Button") is not equal to ("Label")]]></stackTrace></rerunFailure></testcase><testcase name="testTextSlow2" time="9.593" classname="sample_appUITests.SlowTests"><failure><![CDATA[/Users/malinskiy/Development/marathon/sample/ios-app/sample-appUITests/SlowTests.swift:69:XCTAssertEqual failed: ("First Button") is not equal to ("Label")]]></failure><rerunFailure type="rerun exception"><stackTrace><![CDATA[/Users/malinskiy/Development/marathon/sample/ios-app/sample-appUITests/SlowTests.swift:69:XCTAssertEqual failed: ("First Button") is not equal to ("Label")]]></stackTrace></rerunFailure><rerunFailure type="rerun exception"><stackTrace><![CDATA[/Users/malinskiy/Development/marathon/sample/ios-app/sample-appUITests/SlowTests.swift:69:XCTAssertEqual failed: ("First Button") is not equal to ("Label")]]></stackTrace></rerunFailure></testcase><testcase name="testTextSlow1" time="9.578" classname="sample_appUITests.SlowTests"><failure><![CDATA[/Users/malinskiy/Development/marathon/sample/ios-app/sample-appUITests/SlowTests.swift:58:XCTAssertEqual failed: ("First Button") is not equal to ("Label")]]></failure><rerunFailure type="rerun exception"><stackTrace><![CDATA[/Users/malinskiy/Development/marathon/sample/ios-app/sample-appUITests/SlowTests.swift:58:XCTAssertEqual failed: ("First Button") is not equal to ("Label")]]></stackTrace></rerunFailure><rerunFailure type="rerun exception"><stackTrace><![CDATA[/Users/malinskiy/Development/marathon/sample/ios-app/sample-appUITests/SlowTests.swift:58:XCTAssertEqual failed: ("First Button") is not equal to ("Label")]]></stackTrace></rerunFailure></testcase><testcase name="testDismissModal" time="3.122" classname="sample_appUITests.MoreTests"><failure><![CDATA[/Users/malinskiy/Development/marathon/sample/ios-app/sample-appUITests/MoreTests.swift:50:XCTAssertEqual failed: ("First Button") is not equal to ("Label")]]></failure><rerunFailure type="rerun exception"><stackTrace><![CDATA[/Users/malinskiy/Development/marathon/sample/ios-app/sample-appUITests/MoreTests.swift:50:XCTAssertEqual failed: ("First Button") is not equal to ("Label")]]></stackTrace></rerunFailure><rerunFailure type="rerun exception"><stackTrace><![CDATA[/Users/malinskiy/Development/marathon/sample/ios-app/sample-appUITests/MoreTests.swift:50:XCTAssertEqual failed: ("First Button") is not equal to ("Label")]]></stackTrace></rerunFailure></testcase><testcase name="testTextSlow" time="9.624" classname="sample_appUITests.SlowTests"><failure><![CDATA[/Users/malinskiy/Development/marathon/sample/ios-app/sample-appUITests/SlowTests.swift:47:XCTAssertEqual failed: ("First Button") is not equal to ("Label")]]></failure><rerunFailure type="rerun exception"><stackTrace><![CDATA[/Users/malinskiy/Development/marathon/sample/ios-app/sample-appUITests/SlowTests.swift:47:XCTAssertEqual failed: ("First Button") is not equal to ("Label")]]></stackTrace></rerunFailure><rerunFailure type="rerun exception"><stackTrace><![CDATA[/Users/malinskiy/Development/marathon/sample/ios-app/sample-appUITests/SlowTests.swift:47:XCTAssertEqual failed: ("First Button") is not equal to ("Label")]]></stackTrace></rerunFailure></testcase><testcase name="testLabel" time="4.594" classname="sample_appUITests.StoryboardTests"><failure><![CDATA[/Users/malinskiy/Development/marathon/sample/ios-app/sample-appUITests/StoryboardTests.swift:54:XCTAssertEqual failed: ("First Button") is not equal to ("Label")]]></failure><rerunFailure type="rerun exception"><stackTrace><![CDATA[/Users/malinskiy/Development/marathon/sample/ios-app/sample-appUITests/StoryboardTests.swift:54:XCTAssertEqual failed: ("First Button") is not equal to ("Label")]]></stackTrace></rerunFailure><rerunFailure type="rerun exception"><stackTrace><![CDATA[/Users/malinskiy/Development/marathon/sample/ios-app/sample-appUITests/StoryboardTests.swift:54:XCTAssertEqual failed: ("First Button") is not equal to ("Label")]]></stackTrace></rerunFailure></testcase><testcase name="testAlwaysFailing" time="1.745" classname="sample_appUITests.FailingTests"><failure><![CDATA[/Users/malinskiy/Development/marathon/sample/ios-app/sample-appUITests/FailingTests.swift:31:XCTAssertTrue failed]]></failure><rerunFailure type="rerun exception"><stackTrace><![CDATA[/Users/malinskiy/Development/marathon/sample/ios-app/sample-appUITests/FailingTests.swift:31:XCTAssertTrue failed]]></stackTrace></rerunFailure><rerunFailure type="rerun exception"><stackTrace><![CDATA[/Users/malinskiy/Development/marathon/sample/ios-app/sample-appUITests/FailingTests.swift:31:XCTAssertTrue failed]]></stackTrace></rerunFailure></testcase><testcase name="testButton" time="55.396" classname="sample_appUITests.CrashingTests"><failure><![CDATA[/Users/malinskiy/Development/marathon/sample/ios-app/sample-appUITests/CrashingTests.swift:37:XCTAssertTrue failed]]></failure><rerunFailure type="rerun exception"><stackTrace><![CDATA[/Users/malinskiy/Development/marathon/sample/ios-app/sample-appUITests/CrashingTests.swift:37:XCTAssertTrue failed]]></stackTrace></rerunFailure><rerunFailure type="rerun exception"><stackTrace><![CDATA[/Users/malinskiy/Development/marathon/sample/ios-app/sample-appUITests/CrashingTests.swift:37:XCTAssertTrue failed]]></stackTrace></rerunFailure></testcase></testsuite>