{"uuid":"3a0ba49c-ba4c-46e3-876b-aa27e121e844","historyId":"eba0db20de0228dd4007f67dbe4f47d","fullName":"com.example.FailedAssumptionTest.failedAssumptionTest","labels":[{"name":"host","value":"127.0.0.1:5037:emulator-5554"},{"name":"package","value":"com.example"},{"name":"testClass","value":"com.example.FailedAssumptionTest"},{"name":"testMethod","value":"failedAssumptionTest"},{"name":"suite","value":"com.example.FailedAssumptionTest"}],"links":[],"name":"failedAssumptionTest","status":"skipped","statusDetails":{"known":false,"muted":false,"flaky":false,"message":"org.junit.AssumptionViolatedException: got: <false>, expected: is <true>","trace":"org.junit.AssumptionViolatedException: got: <false>, expected: is <true>\n\tat org.junit.Assume.assumeThat(Assume.java:106)\n\tat org.junit.Assume.assumeTrue(Assume.java:50)\n\tat com.example.FailedAssumptionTest.failedAssumptionTest(FailedAssumptionTest.kt:19)\n\tat java.lang.reflect.Method.invoke(Native Method)\n\tat org.junit.runners.model.FrameworkMethod$1.runReflectiveCall(FrameworkMethod.java:59)\n\tat org.junit.internal.runners.model.ReflectiveCallable.run(ReflectiveCallable.java:12)\n\tat org.junit.runners.model.FrameworkMethod.invokeExplosively(FrameworkMethod.java:56)\n\tat org.junit.internal.runners.statements.InvokeMethod.evaluate(InvokeMethod.java:17)\n\tat org.junit.runners.ParentRunner$3.evaluate(ParentRunner.java:306)\n\tat org.junit.runners.BlockJUnit4ClassRunner$1.evaluate(BlockJUnit4ClassRunner.java:100)\n\tat org.junit.runners.ParentRunner.runLeaf(ParentRunner.java:366)\n\tat org.junit.runners.BlockJUnit4ClassRunner.runChild(BlockJUnit4ClassRunner.java:103)\n\tat org.junit.runners.BlockJUnit4ClassRunner.runChild(BlockJUnit4ClassRunner.java:63)\n\tat org.junit.runners.ParentRunner$4.run(ParentRunner.java:331)\n\tat org.junit.runners.ParentRunner$1.schedule(ParentRunner.java:79)\n\tat org.junit.runners.ParentRunner.runChildren(ParentRunner.java:329)\n\tat org.junit.runners.ParentRunner.access$100(ParentRunner.java:66)\n\tat org.junit.runners.ParentRunner$2.evaluate(ParentRunner.java:293)\n\tat org.junit.runners.ParentRunner$3.evaluate(ParentRunner.java:306)\n\tat org.junit.runners.ParentRunner.run(ParentRunner.java:413)\n\tat androidx.test.ext.junit.runners.AndroidJUnit4.run(AndroidJUnit4.java:162)\n\tat io.qameta.allure.android.runners.AllureAndroidJUnit4.run(AllureAndroidJUnitRunners.kt:29)\n\tat org.junit.runners.Suite.runChild(Suite.java:128)\n\tat org.junit.runners.Suite.runChild(Suite.java:27)\n\tat org.junit.runners.ParentRunner$4.run(ParentRunner.java:331)\n\tat org.junit.runners.ParentRunner$1.schedule(ParentRunner.java:79)\n\tat org.junit.runners.ParentRunner.runChildren(ParentRunner.java:329)\n\tat org.junit.runners.ParentRunner.access$100(ParentRunner.java:66)\n\tat org.junit.runners.ParentRunner$2.evaluate(ParentRunner.java:293)\n\tat org.junit.runners.ParentRunner$3.evaluate(ParentRunner.java:306)\n\tat org.junit.runners.ParentRunner.run(ParentRunner.java:413)\n\tat org.junit.runner.JUnitCore.run(JUnitCore.java:137)\n\tat org.junit.runner.JUnitCore.run(JUnitCore.java:115)\n\tat androidx.test.internal.runner.TestExecutor.execute(TestExecutor.java:67)\n\tat androidx.test.internal.runner.TestExecutor.execute(TestExecutor.java:58)\n\tat androidx.test.runner.AndroidJUnitRunner.onStart(AndroidJUnitRunner.java:446)\n\tat android.app.Instrumentation$InstrumentationThread.run(Instrumentation.java:2361)"},"stage":"scheduled","steps":[],"attachments":[{"name":"Video","source":"/home/pkunzip/Development/marathon/sample/android-app/build/reports/marathon/video/omni/127.0.0.1-5037-emulator-5554/com.example.FailedAssumptionTest#failedAssumptionTest-75f47af3-96f8-42ba-b2c6-90e01db99aa9.mp4","type":"video/mp4"},{"name":"Log","source":"/home/pkunzip/Development/marathon/sample/android-app/build/reports/marathon/logs/omni/127.0.0.1-5037-emulator-5554/com.example.FailedAssumptionTest#failedAssumptionTest-75f47af3-96f8-42ba-b2c6-90e01db99aa9.log","type":"text/plain"}],"parameters":[],"start":1700046209502,"stop":1700046210187}